<?xml version="1.0" encoding="UTF-8"?>
<!-- Generated by org.testng.reporters.JUnitReportReporter -->
<testsuite hostname="UDESHS" failures="0" tests="3" name="Test01_verifyName" time="0.933" errors="0" timestamp="2022-11-24T15:48:50 IST" skipped="0">
  <testcase classname="Test01_verifyName" name="verifyName" time="0.604"/>
  <system-out/>
  <testcase classname="Test01_verifyName" name="verifyCanRelist" time="0.035"/>
  <system-out/>
  <testcase classname="Test01_verifyName" name="verifyPromotion" time="0.294"/>
  <system-out/>
</testsuite> <!-- Test01_verifyName -->
