<?xml version="1.0" encoding="UTF-8"?>
<!-- Generated by org.testng.reporters.JUnitReportReporter -->
<testsuite hostname="UDESHS" failures="0" tests="3" name="Test01_verifyName" time="0.735" errors="0" timestamp="2022-11-24T15:48:31 IST" skipped="0">
  <testcase classname="Test01_verifyName" name="verifyName" time="0.514"/>
  <system-out/>
  <testcase classname="Test01_verifyName" name="verifyCanRelist" time="0.027"/>
  <system-out/>
  <testcase classname="Test01_verifyName" name="verifyPromotion" time="0.194"/>
  <system-out/>
</testsuite> <!-- Test01_verifyName -->
